Arguments: 
  /usr/bin/node /usr/share/yarn/bin/yarn.js add typescrypt -D

PATH: 
  /home/leandro/.zplugin/polaris/bin:/usr/local/sbin:/usr/local/bin:/usr/sbin:/usr/bin:/sbin:/bin:/usr/games:/usr/local/games:/snap/bin:/home/leandro/Android/Sdk/tools:/home/leandro/Android/Sdk/platform-tools:/opt/android-sdk/tools:/opt/android-sdk/platform-tools:/opt/node/bin:/opt/gradle/bin:/home/leandro/.yarn/bin

Yarn version: 
  1.21.1

Node version: 
  10.18.0

Platform: 
  linux x64

Trace: 
  Error: https://registry.yarnpkg.com/typescrypt: Not found
      at Request.params.callback [as _callback] (/usr/share/yarn/lib/cli.js:66947:18)
      at Request.self.callback (/usr/share/yarn/lib/cli.js:140665:22)
      at Request.emit (events.js:198:13)
      at Request.<anonymous> (/usr/share/yarn/lib/cli.js:141637:10)
      at Request.emit (events.js:198:13)
      at IncomingMessage.<anonymous> (/usr/share/yarn/lib/cli.js:141559:12)
      at Object.onceWrapper (events.js:286:20)
      at IncomingMessage.emit (events.js:203:15)
      at endReadableNT (_stream_readable.js:1143:12)
      at process._tickCallback (internal/process/next_tick.js:63:19)

npm manifest: 
  {
    "name": "typescript",
    "version": "1.0.0",
    "main": "index.js",
    "author": "Leandro Rocha <prog.leandro@gmail.com> (https://leandrorocha.dev/)",
    "license": "MIT"
  }

yarn manifest: 
  No manifest

Lockfile: 
  No lockfile
